# JRE version: OpenJDK Runtime Environment (21.0.4+9) (build 21.0.4+9-LTS)
# Java VM: OpenJDK 64-Bit Server VM (21.0.4+9-LTS, mixed mode, sharing, tiered, compressed oops, compressed class ptrs, g1 gc, windows-amd64)
GC Precious Log:
 CardTable entry size: 512
 Card Set container configuration: InlinePtr #cards 4 size 8 Array Of Cards #cards 16 size 48 Howl #buckets 8 coarsen threshold 3686 Howl Bitmap #cards 512 size 80 coarsen threshold 460 Card regions per heap region 1 cards per card region 4096
 CPUs: 20 total, 20 available
 Memory: 16004M
 Large Page Support: Disabled
 NUMA Support: Disabled
 Compressed Oops: Enabled (Zero based)
 Heap Region Size: 2M
 Heap Min Capacity: 8M
 Heap Initial Capacity: 252M
 Heap Max Capacity: 3G
 Pre-touch: Disabled
 Parallel Workers: 15
 Concurrent Workers: 4
 Concurrent Refinement Workers: 15
 Periodic GC: Disabled
Heap:
 garbage-first heap   total 215040K, used 208773K [0x0000000740000000, 0x0000000800000000)
  region size 2048K, 21 young (43008K), 4 survivors (8192K)
 Metaspace       used 89015K, committed 91328K, reserved 1179648K
  class space    used 12192K, committed 13312K, reserved 1048576K
GC Heap History (20 events):
Event: 7.874 GC heap before
{Heap before GC invocations=19 (full 0):
 garbage-first heap   total 131072K, used 109194K [0x0000000740000000, 0x0000000800000000)
  region size 2048K, 24 young (49152K), 2 survivors (4096K)
 Metaspace       used 71477K, committed 73344K, reserved 1114112K
  class space    used 9888K, committed 10816K, reserved 1048576K
}
Event: 7.877 GC heap after
{Heap after GC invocations=20 (full 0):
 garbage-first heap   total 131072K, used 66776K [0x0000000740000000, 0x0000000800000000)
  region size 2048K, 2 young (4096K), 2 survivors (4096K)
 Metaspace       used 71477K, committed 73344K, reserved 1114112K
  class space    used 9888K, committed 10816K, reserved 1048576K
}
Event: 8.158 GC heap before
{Heap before GC invocations=20 (full 0):
 garbage-first heap   total 131072K, used 111832K [0x0000000740000000, 0x0000000800000000)
  region size 2048K, 24 young (49152K), 2 survivors (4096K)
 Metaspace       used 74159K, committed 76160K, reserved 1114112K
  class space    used 10282K, committed 11264K, reserved 1048576K
}
Event: 8.161 GC heap after
{Heap after GC invocations=21 (full 0):
 garbage-first heap   total 131072K, used 68015K [0x0000000740000000, 0x0000000800000000)
  region size 2048K, 3 young (6144K), 3 survivors (6144K)
 Metaspace       used 74159K, committed 76160K, reserved 1114112K
  class space    used 10282K, committed 11264K, reserved 1048576K
}
Event: 8.425 GC heap before
{Heap before GC invocations=21 (full 0):
 garbage-first heap   total 131072K, used 113071K [0x0000000740000000, 0x0000000800000000)
  region size 2048K, 25 young (51200K), 3 survivors (6144K)
 Metaspace       used 75070K, committed 77056K, reserved 1179648K
  class space    used 10422K, committed 11392K, reserved 1048576K
}
Event: 8.428 GC heap after
{Heap after GC invocations=22 (full 0):
 garbage-first heap   total 131072K, used 73628K [0x0000000740000000, 0x0000000800000000)
  region size 2048K, 4 young (8192K), 4 survivors (8192K)
 Metaspace       used 75070K, committed 77056K, reserved 1179648K
  class space    used 10422K, committed 11392K, reserved 1048576K
}
Event: 8.759 GC heap before
{Heap before GC invocations=23 (full 0):
 garbage-first heap   total 131072K, used 112540K [0x0000000740000000, 0x0000000800000000)
  region size 2048K, 23 young (47104K), 4 survivors (8192K)
 Metaspace       used 76302K, committed 78336K, reserved 1179648K
  class space    used 10618K, committed 11584K, reserved 1048576K
}
Event: 8.763 GC heap after
{Heap after GC invocations=24 (full 0):
 garbage-first heap   total 157696K, used 79579K [0x0000000740000000, 0x0000000800000000)
  region size 2048K, 3 young (6144K), 3 survivors (6144K)
 Metaspace       used 76302K, committed 78336K, reserved 1179648K
  class space    used 10618K, committed 11584K, reserved 1048576K
}
Event: 9.221 GC heap before
{Heap before GC invocations=24 (full 0):
 garbage-first heap   total 157696K, used 136923K [0x0000000740000000, 0x0000000800000000)
  region size 2048K, 31 young (63488K), 3 survivors (6144K)
 Metaspace       used 78941K, committed 81088K, reserved 1179648K
  class space    used 10984K, committed 12032K, reserved 1048576K
}
Event: 9.224 GC heap after
{Heap after GC invocations=25 (full 0):
 garbage-first heap   total 157696K, used 85300K [0x0000000740000000, 0x0000000800000000)
  region size 2048K, 4 young (8192K), 4 survivors (8192K)
 Metaspace       used 78941K, committed 81088K, reserved 1179648K
  class space    used 10984K, committed 12032K, reserved 1048576K
}
Event: 9.227 GC heap before
{Heap before GC invocations=25 (full 0):
 garbage-first heap   total 157696K, used 85300K [0x0000000740000000, 0x0000000800000000)
  region size 2048K, 5 young (10240K), 4 survivors (8192K)
 Metaspace       used 78996K, committed 81152K, reserved 1179648K
  class space    used 11001K, committed 12032K, reserved 1048576K
}
Event: 9.229 GC heap after
{Heap after GC invocations=26 (full 0):
 garbage-first heap   total 157696K, used 86026K [0x0000000740000000, 0x0000000800000000)
  region size 2048K, 1 young (2048K), 1 survivors (2048K)
 Metaspace       used 78996K, committed 81152K, reserved 1179648K
  class space    used 11001K, committed 12032K, reserved 1048576K
}
Event: 9.526 GC heap before
{Heap before GC invocations=27 (full 0):
 garbage-first heap   total 157696K, used 155658K [0x0000000740000000, 0x0000000800000000)
  region size 2048K, 15 young (30720K), 1 survivors (2048K)
 Metaspace       used 81017K, committed 83136K, reserved 1179648K
  class space    used 11197K, committed 12224K, reserved 1048576K
}
Event: 9.528 GC heap after
{Heap after GC invocations=28 (full 0):
 garbage-first heap   total 161792K, used 87948K [0x0000000740000000, 0x0000000800000000)
  region size 2048K, 2 young (4096K), 2 survivors (4096K)
 Metaspace       used 81017K, committed 83136K, reserved 1179648K
  class space    used 11197K, committed 12224K, reserved 1048576K
}
Event: 9.740 GC heap before
{Heap before GC invocations=28 (full 0):
 garbage-first heap   total 161792K, used 159628K [0x0000000740000000, 0x0000000800000000)
  region size 2048K, 11 young (22528K), 2 survivors (4096K)
 Metaspace       used 81929K, committed 84096K, reserved 1179648K
  class space    used 11331K, committed 12352K, reserved 1048576K
}
Event: 9.743 GC heap after
{Heap after GC invocations=29 (full 0):
 garbage-first heap   total 169984K, used 88921K [0x0000000740000000, 0x0000000800000000)
  region size 2048K, 3 young (6144K), 3 survivors (6144K)
 Metaspace       used 81929K, committed 84096K, reserved 1179648K
  class space    used 11331K, committed 12352K, reserved 1048576K
}
Event: 27.485 GC heap before
{Heap before GC invocations=29 (full 0):
 garbage-first heap   total 169984K, used 150361K [0x0000000740000000, 0x0000000800000000)
  region size 2048K, 33 young (67584K), 3 survivors (6144K)
 Metaspace       used 86070K, committed 88320K, reserved 1179648K
  class space    used 11940K, committed 13056K, reserved 1048576K
}
Event: 27.490 GC heap after
{Heap after GC invocations=30 (full 0):
 garbage-first heap   total 169984K, used 94705K [0x0000000740000000, 0x0000000800000000)
  region size 2048K, 5 young (10240K), 5 survivors (10240K)
 Metaspace       used 86070K, committed 88320K, reserved 1179648K
  class space    used 11940K, committed 13056K, reserved 1048576K
}
Event: 49.792 GC heap before
{Heap before GC invocations=31 (full 0):
 garbage-first heap   total 169984K, used 150001K [0x0000000740000000, 0x0000000800000000)
  region size 2048K, 31 young (63488K), 5 survivors (10240K)
 Metaspace       used 88581K, committed 90880K, reserved 1179648K
  class space    used 12185K, committed 13312K, reserved 1048576K
}
Event: 49.797 GC heap after
{Heap after GC invocations=32 (full 0):
 garbage-first heap   total 169984K, used 100229K [0x0000000740000000, 0x0000000800000000)
  region size 2048K, 4 young (8192K), 4 survivors (8192K)
 Metaspace       used 88581K, committed 90880K, reserved 1179648K
  class space    used 12185K, committed 13312K, reserved 1048576K
}

